<?xml version="1.0" encoding="UTF-8"?>
<robot generator="Robot 3.2.2 (Python 3.7.4 on win32)" generated="20210105 16:01:34.016" rpa="false">
<suite id="s1" name="Test-Case" source="C:\Estudo\Robot\Checkbox\test-case">
<suite id="s1-s1" name="Validar Checkbox" source="C:\Estudo\Robot\Checkbox\test-case\Validar_Checkbox.robot">
<test id="s1-s1-t1" name="Cenario 1 - Testes">
<kw name="Abrir navegador" library="Checkbox" type="setup">
<kw name="Open Browser" library="SeleniumLibrary">
<doc>Opens a new browser instance to the optional ``url``.</doc>
<arguments>
<arg>url:</arg>
<arg>${BROWSER}</arg>
</arguments>
<msg timestamp="20210105 16:01:35.020" level="INFO">Opening browser 'chrome' to base url 'url:'.</msg>
<status status="PASS" starttime="20210105 16:01:35.020" endtime="20210105 16:01:39.139"></status>
</kw>
<status status="PASS" starttime="20210105 16:01:35.019" endtime="20210105 16:01:39.139"></status>
</kw>
<kw name="Verificar Checkbox da pagina selecionada" library="Checkbox">
<arguments>
<arg>Lettuce</arg>
<arg>Tomato</arg>
</arguments>
<kw name="Set Suite Variable" library="BuiltIn">
<doc>Makes a variable available everywhere within the scope of the current suite.</doc>
<arguments>
<arg>@{CHECKBOX}</arg>
<arg>@{CHECKBOX}</arg>
</arguments>
<msg timestamp="20210105 16:01:39.142" level="INFO">@{CHECKBOX} = [ Lettuce | Tomato ]</msg>
<status status="PASS" starttime="20210105 16:01:39.141" endtime="20210105 16:01:39.142"></status>
</kw>
<kw name="Go To" library="SeleniumLibrary">
<doc>Navigates the current browser window to the provided ``url``.</doc>
<arguments>
<arg>${URL_CHECKBOX}</arg>
</arguments>
<msg timestamp="20210105 16:01:39.143" level="INFO">Opening url 'https://www.w3.org/TR/wai-aria-practices-1.1/examples/checkbox/checkbox-1/checkbox-1.html'</msg>
<status status="PASS" starttime="20210105 16:01:39.143" endtime="20210105 16:01:41.494"></status>
</kw>
<kw name="Get Element Count" library="SeleniumLibrary">
<doc>Returns the number of elements matching ``locator``.</doc>
<arguments>
<arg>${ELEMENT_CHECKBOX}</arg>
</arguments>
<assign>
<var>${numero}</var>
</assign>
<msg timestamp="20210105 16:01:41.513" level="INFO">${numero} = 4</msg>
<status status="PASS" starttime="20210105 16:01:41.495" endtime="20210105 16:01:41.513"></status>
</kw>
<kw name="${indice} IN RANGE [ 1 | ${numero}+1 ]" type="for">
<kw name="${indice} = 1" type="foritem">
<kw name="Set Variable" library="BuiltIn">
<doc>Returns the given values which can then be assigned to a variables.</doc>
<arguments>
<arg>${ELEMENT_CHECKBOX} [${indice}]</arg>
</arguments>
<assign>
<var>${ELEMENT_CHECKBOX_FINAL}</var>
</assign>
<msg timestamp="20210105 16:01:41.515" level="INFO">${ELEMENT_CHECKBOX_FINAL} = xpath=(//*[@role="checkbox"]) [1]</msg>
<status status="PASS" starttime="20210105 16:01:41.514" endtime="20210105 16:01:41.515"></status>
</kw>
<kw name="Get WebElement" library="SeleniumLibrary">
<doc>Returns the first WebElement matching the given ``locator``.</doc>
<arguments>
<arg>${ELEMENT_CHECKBOX_FINAL}</arg>
</arguments>
<assign>
<var>${texto}</var>
</assign>
<msg timestamp="20210105 16:01:41.532" level="INFO">${texto} = &lt;selenium.webdriver.remote.webelement.WebElement (session="926b923e4f550b0b5164e16deed5fb7d", element="562ca524-fc56-49d8-a96f-75b39b608f44")&gt;</msg>
<status status="PASS" starttime="20210105 16:01:41.515" endtime="20210105 16:01:41.533"></status>
</kw>
<kw name="Set Suite Variable" library="BuiltIn">
<doc>Makes a variable available everywhere within the scope of the current suite.</doc>
<arguments>
<arg>${NOME_CHECKBOX}</arg>
<arg>${texto.text}</arg>
</arguments>
<msg timestamp="20210105 16:01:41.556" level="INFO">${NOME_CHECKBOX} = Lettuce</msg>
<status status="PASS" starttime="20210105 16:01:41.533" endtime="20210105 16:01:41.556"></status>
</kw>
<kw name="Compara nomes das checkbox com valores informados" library="Checkbox">
<kw name="Get Length" library="BuiltIn">
<doc>Returns and logs the length of the given item as an integer.</doc>
<arguments>
<arg>${CHECKBOX}</arg>
</arguments>
<assign>
<var>${numero_checkbox}</var>
</assign>
<msg timestamp="20210105 16:01:41.557" level="INFO">Length is 2</msg>
<msg timestamp="20210105 16:01:41.557" level="INFO">${numero_checkbox} = 2</msg>
<status status="PASS" starttime="20210105 16:01:41.557" endtime="20210105 16:01:41.557"></status>
</kw>
<kw name="${indice_checkbox} IN RANGE [ 0 | ${numero_checkbox} ]" type="for">
<kw name="${indice_checkbox} = 0" type="foritem">
<kw name="Run Keyword If" library="BuiltIn">
<doc>Runs the given keyword with the given arguments, if ``condition`` is true.</doc>
<arguments>
<arg>'${CHECKBOX}[${indice_checkbox}]'=='${NOME_CHECKBOX}'</arg>
<arg>Append To List</arg>
<arg>${CHECKBOX_ENCONTRADO}</arg>
<arg>${NOME_CHECKBOX}</arg>
</arguments>
<kw name="Append To List" library="Collections">
<doc>Adds ``values`` to the end of ``list``.</doc>
<arguments>
<arg>${CHECKBOX_ENCONTRADO}</arg>
<arg>${NOME_CHECKBOX}</arg>
</arguments>
<status status="PASS" starttime="20210105 16:01:41.558" endtime="20210105 16:01:41.559"></status>
</kw>
<status status="PASS" starttime="20210105 16:01:41.558" endtime="20210105 16:01:41.559"></status>
</kw>
<status status="PASS" starttime="20210105 16:01:41.558" endtime="20210105 16:01:41.559"></status>
</kw>
<kw name="${indice_checkbox} = 1" type="foritem">
<kw name="Run Keyword If" library="BuiltIn">
<doc>Runs the given keyword with the given arguments, if ``condition`` is true.</doc>
<arguments>
<arg>'${CHECKBOX}[${indice_checkbox}]'=='${NOME_CHECKBOX}'</arg>
<arg>Append To List</arg>
<arg>${CHECKBOX_ENCONTRADO}</arg>
<arg>${NOME_CHECKBOX}</arg>
</arguments>
<status status="PASS" starttime="20210105 16:01:41.559" endtime="20210105 16:01:41.559"></status>
</kw>
<status status="PASS" starttime="20210105 16:01:41.559" endtime="20210105 16:01:41.559"></status>
</kw>
<status status="PASS" starttime="20210105 16:01:41.558" endtime="20210105 16:01:41.560"></status>
</kw>
<status status="PASS" starttime="20210105 16:01:41.557" endtime="20210105 16:01:41.560"></status>
</kw>
<status status="PASS" starttime="20210105 16:01:41.514" endtime="20210105 16:01:41.560"></status>
</kw>
<kw name="${indice} = 2" type="foritem">
<kw name="Set Variable" library="BuiltIn">
<doc>Returns the given values which can then be assigned to a variables.</doc>
<arguments>
<arg>${ELEMENT_CHECKBOX} [${indice}]</arg>
</arguments>
<assign>
<var>${ELEMENT_CHECKBOX_FINAL}</var>
</assign>
<msg timestamp="20210105 16:01:41.560" level="INFO">${ELEMENT_CHECKBOX_FINAL} = xpath=(//*[@role="checkbox"]) [2]</msg>
<status status="PASS" starttime="20210105 16:01:41.560" endtime="20210105 16:01:41.560"></status>
</kw>
<kw name="Get WebElement" library="SeleniumLibrary">
<doc>Returns the first WebElement matching the given ``locator``.</doc>
<arguments>
<arg>${ELEMENT_CHECKBOX_FINAL}</arg>
</arguments>
<assign>
<var>${texto}</var>
</assign>
<msg timestamp="20210105 16:01:41.575" level="INFO">${texto} = &lt;selenium.webdriver.remote.webelement.WebElement (session="926b923e4f550b0b5164e16deed5fb7d", element="a6aee714-66a2-4cc0-b237-06380939b99c")&gt;</msg>
<status status="PASS" starttime="20210105 16:01:41.560" endtime="20210105 16:01:41.575"></status>
</kw>
<kw name="Set Suite Variable" library="BuiltIn">
<doc>Makes a variable available everywhere within the scope of the current suite.</doc>
<arguments>
<arg>${NOME_CHECKBOX}</arg>
<arg>${texto.text}</arg>
</arguments>
<msg timestamp="20210105 16:01:41.599" level="INFO">${NOME_CHECKBOX} = Tomato</msg>
<status status="PASS" starttime="20210105 16:01:41.575" endtime="20210105 16:01:41.599"></status>
</kw>
<kw name="Compara nomes das checkbox com valores informados" library="Checkbox">
<kw name="Get Length" library="BuiltIn">
<doc>Returns and logs the length of the given item as an integer.</doc>
<arguments>
<arg>${CHECKBOX}</arg>
</arguments>
<assign>
<var>${numero_checkbox}</var>
</assign>
<msg timestamp="20210105 16:01:41.601" level="INFO">Length is 2</msg>
<msg timestamp="20210105 16:01:41.601" level="INFO">${numero_checkbox} = 2</msg>
<status status="PASS" starttime="20210105 16:01:41.600" endtime="20210105 16:01:41.601"></status>
</kw>
<kw name="${indice_checkbox} IN RANGE [ 0 | ${numero_checkbox} ]" type="for">
<kw name="${indice_checkbox} = 0" type="foritem">
<kw name="Run Keyword If" library="BuiltIn">
<doc>Runs the given keyword with the given arguments, if ``condition`` is true.</doc>
<arguments>
<arg>'${CHECKBOX}[${indice_checkbox}]'=='${NOME_CHECKBOX}'</arg>
<arg>Append To List</arg>
<arg>${CHECKBOX_ENCONTRADO}</arg>
<arg>${NOME_CHECKBOX}</arg>
</arguments>
<status status="PASS" starttime="20210105 16:01:41.602" endtime="20210105 16:01:41.602"></status>
</kw>
<status status="PASS" starttime="20210105 16:01:41.601" endtime="20210105 16:01:41.602"></status>
</kw>
<kw name="${indice_checkbox} = 1" type="foritem">
<kw name="Run Keyword If" library="BuiltIn">
<doc>Runs the given keyword with the given arguments, if ``condition`` is true.</doc>
<arguments>
<arg>'${CHECKBOX}[${indice_checkbox}]'=='${NOME_CHECKBOX}'</arg>
<arg>Append To List</arg>
<arg>${CHECKBOX_ENCONTRADO}</arg>
<arg>${NOME_CHECKBOX}</arg>
</arguments>
<kw name="Append To List" library="Collections">
<doc>Adds ``values`` to the end of ``list``.</doc>
<arguments>
<arg>${CHECKBOX_ENCONTRADO}</arg>
<arg>${NOME_CHECKBOX}</arg>
</arguments>
<status status="PASS" starttime="20210105 16:01:41.603" endtime="20210105 16:01:41.604"></status>
</kw>
<status status="PASS" starttime="20210105 16:01:41.603" endtime="20210105 16:01:41.604"></status>
</kw>
<status status="PASS" starttime="20210105 16:01:41.602" endtime="20210105 16:01:41.604"></status>
</kw>
<status status="PASS" starttime="20210105 16:01:41.601" endtime="20210105 16:01:41.604"></status>
</kw>
<status status="PASS" starttime="20210105 16:01:41.600" endtime="20210105 16:01:41.604"></status>
</kw>
<status status="PASS" starttime="20210105 16:01:41.560" endtime="20210105 16:01:41.604"></status>
</kw>
<kw name="${indice} = 3" type="foritem">
<kw name="Set Variable" library="BuiltIn">
<doc>Returns the given values which can then be assigned to a variables.</doc>
<arguments>
<arg>${ELEMENT_CHECKBOX} [${indice}]</arg>
</arguments>
<assign>
<var>${ELEMENT_CHECKBOX_FINAL}</var>
</assign>
<msg timestamp="20210105 16:01:41.605" level="INFO">${ELEMENT_CHECKBOX_FINAL} = xpath=(//*[@role="checkbox"]) [3]</msg>
<status status="PASS" starttime="20210105 16:01:41.604" endtime="20210105 16:01:41.605"></status>
</kw>
<kw name="Get WebElement" library="SeleniumLibrary">
<doc>Returns the first WebElement matching the given ``locator``.</doc>
<arguments>
<arg>${ELEMENT_CHECKBOX_FINAL}</arg>
</arguments>
<assign>
<var>${texto}</var>
</assign>
<msg timestamp="20210105 16:01:41.620" level="INFO">${texto} = &lt;selenium.webdriver.remote.webelement.WebElement (session="926b923e4f550b0b5164e16deed5fb7d", element="7a0500a7-f445-435b-aa17-b820543de99c")&gt;</msg>
<status status="PASS" starttime="20210105 16:01:41.605" endtime="20210105 16:01:41.620"></status>
</kw>
<kw name="Set Suite Variable" library="BuiltIn">
<doc>Makes a variable available everywhere within the scope of the current suite.</doc>
<arguments>
<arg>${NOME_CHECKBOX}</arg>
<arg>${texto.text}</arg>
</arguments>
<msg timestamp="20210105 16:01:41.639" level="INFO">${NOME_CHECKBOX} = Mustard</msg>
<status status="PASS" starttime="20210105 16:01:41.620" endtime="20210105 16:01:41.639"></status>
</kw>
<kw name="Compara nomes das checkbox com valores informados" library="Checkbox">
<kw name="Get Length" library="BuiltIn">
<doc>Returns and logs the length of the given item as an integer.</doc>
<arguments>
<arg>${CHECKBOX}</arg>
</arguments>
<assign>
<var>${numero_checkbox}</var>
</assign>
<msg timestamp="20210105 16:01:41.640" level="INFO">Length is 2</msg>
<msg timestamp="20210105 16:01:41.640" level="INFO">${numero_checkbox} = 2</msg>
<status status="PASS" starttime="20210105 16:01:41.639" endtime="20210105 16:01:41.640"></status>
</kw>
<kw name="${indice_checkbox} IN RANGE [ 0 | ${numero_checkbox} ]" type="for">
<kw name="${indice_checkbox} = 0" type="foritem">
<kw name="Run Keyword If" library="BuiltIn">
<doc>Runs the given keyword with the given arguments, if ``condition`` is true.</doc>
<arguments>
<arg>'${CHECKBOX}[${indice_checkbox}]'=='${NOME_CHECKBOX}'</arg>
<arg>Append To List</arg>
<arg>${CHECKBOX_ENCONTRADO}</arg>
<arg>${NOME_CHECKBOX}</arg>
</arguments>
<status status="PASS" starttime="20210105 16:01:41.641" endtime="20210105 16:01:41.642"></status>
</kw>
<status status="PASS" starttime="20210105 16:01:41.641" endtime="20210105 16:01:41.642"></status>
</kw>
<kw name="${indice_checkbox} = 1" type="foritem">
<kw name="Run Keyword If" library="BuiltIn">
<doc>Runs the given keyword with the given arguments, if ``condition`` is true.</doc>
<arguments>
<arg>'${CHECKBOX}[${indice_checkbox}]'=='${NOME_CHECKBOX}'</arg>
<arg>Append To List</arg>
<arg>${CHECKBOX_ENCONTRADO}</arg>
<arg>${NOME_CHECKBOX}</arg>
</arguments>
<status status="PASS" starttime="20210105 16:01:41.642" endtime="20210105 16:01:41.643"></status>
</kw>
<status status="PASS" starttime="20210105 16:01:41.642" endtime="20210105 16:01:41.643"></status>
</kw>
<status status="PASS" starttime="20210105 16:01:41.640" endtime="20210105 16:01:41.643"></status>
</kw>
<status status="PASS" starttime="20210105 16:01:41.639" endtime="20210105 16:01:41.644"></status>
</kw>
<status status="PASS" starttime="20210105 16:01:41.604" endtime="20210105 16:01:41.644"></status>
</kw>
<kw name="${indice} = 4" type="foritem">
<kw name="Set Variable" library="BuiltIn">
<doc>Returns the given values which can then be assigned to a variables.</doc>
<arguments>
<arg>${ELEMENT_CHECKBOX} [${indice}]</arg>
</arguments>
<assign>
<var>${ELEMENT_CHECKBOX_FINAL}</var>
</assign>
<msg timestamp="20210105 16:01:41.645" level="INFO">${ELEMENT_CHECKBOX_FINAL} = xpath=(//*[@role="checkbox"]) [4]</msg>
<status status="PASS" starttime="20210105 16:01:41.644" endtime="20210105 16:01:41.645"></status>
</kw>
<kw name="Get WebElement" library="SeleniumLibrary">
<doc>Returns the first WebElement matching the given ``locator``.</doc>
<arguments>
<arg>${ELEMENT_CHECKBOX_FINAL}</arg>
</arguments>
<assign>
<var>${texto}</var>
</assign>
<msg timestamp="20210105 16:01:41.662" level="INFO">${texto} = &lt;selenium.webdriver.remote.webelement.WebElement (session="926b923e4f550b0b5164e16deed5fb7d", element="abe361c7-51ef-4683-a62a-46c29fb6a06e")&gt;</msg>
<status status="PASS" starttime="20210105 16:01:41.645" endtime="20210105 16:01:41.662"></status>
</kw>
<kw name="Set Suite Variable" library="BuiltIn">
<doc>Makes a variable available everywhere within the scope of the current suite.</doc>
<arguments>
<arg>${NOME_CHECKBOX}</arg>
<arg>${texto.text}</arg>
</arguments>
<msg timestamp="20210105 16:01:41.680" level="INFO">${NOME_CHECKBOX} = Sprouts</msg>
<status status="PASS" starttime="20210105 16:01:41.662" endtime="20210105 16:01:41.680"></status>
</kw>
<kw name="Compara nomes das checkbox com valores informados" library="Checkbox">
<kw name="Get Length" library="BuiltIn">
<doc>Returns and logs the length of the given item as an integer.</doc>
<arguments>
<arg>${CHECKBOX}</arg>
</arguments>
<assign>
<var>${numero_checkbox}</var>
</assign>
<msg timestamp="20210105 16:01:41.681" level="INFO">Length is 2</msg>
<msg timestamp="20210105 16:01:41.681" level="INFO">${numero_checkbox} = 2</msg>
<status status="PASS" starttime="20210105 16:01:41.680" endtime="20210105 16:01:41.681"></status>
</kw>
<kw name="${indice_checkbox} IN RANGE [ 0 | ${numero_checkbox} ]" type="for">
<kw name="${indice_checkbox} = 0" type="foritem">
<kw name="Run Keyword If" library="BuiltIn">
<doc>Runs the given keyword with the given arguments, if ``condition`` is true.</doc>
<arguments>
<arg>'${CHECKBOX}[${indice_checkbox}]'=='${NOME_CHECKBOX}'</arg>
<arg>Append To List</arg>
<arg>${CHECKBOX_ENCONTRADO}</arg>
<arg>${NOME_CHECKBOX}</arg>
</arguments>
<status status="PASS" starttime="20210105 16:01:41.682" endtime="20210105 16:01:41.683"></status>
</kw>
<status status="PASS" starttime="20210105 16:01:41.682" endtime="20210105 16:01:41.683"></status>
</kw>
<kw name="${indice_checkbox} = 1" type="foritem">
<kw name="Run Keyword If" library="BuiltIn">
<doc>Runs the given keyword with the given arguments, if ``condition`` is true.</doc>
<arguments>
<arg>'${CHECKBOX}[${indice_checkbox}]'=='${NOME_CHECKBOX}'</arg>
<arg>Append To List</arg>
<arg>${CHECKBOX_ENCONTRADO}</arg>
<arg>${NOME_CHECKBOX}</arg>
</arguments>
<status status="PASS" starttime="20210105 16:01:41.684" endtime="20210105 16:01:41.684"></status>
</kw>
<status status="PASS" starttime="20210105 16:01:41.683" endtime="20210105 16:01:41.685"></status>
</kw>
<status status="PASS" starttime="20210105 16:01:41.681" endtime="20210105 16:01:41.685"></status>
</kw>
<status status="PASS" starttime="20210105 16:01:41.680" endtime="20210105 16:01:41.685"></status>
</kw>
<status status="PASS" starttime="20210105 16:01:41.644" endtime="20210105 16:01:41.685"></status>
</kw>
<status status="PASS" starttime="20210105 16:01:41.513" endtime="20210105 16:01:41.685"></status>
</kw>
<status status="PASS" starttime="20210105 16:01:39.140" endtime="20210105 16:01:41.685"></status>
</kw>
<kw name="Valida se houve sucesso na comparação" library="Checkbox">
<kw name="Get Length" library="BuiltIn">
<doc>Returns and logs the length of the given item as an integer.</doc>
<arguments>
<arg>${CHECKBOX_ENCONTRADO}</arg>
</arguments>
<assign>
<var>${numero_sucesso}</var>
</assign>
<msg timestamp="20210105 16:01:41.686" level="INFO">Length is 2</msg>
<msg timestamp="20210105 16:01:41.686" level="INFO">${numero_sucesso} = 2</msg>
<status status="PASS" starttime="20210105 16:01:41.686" endtime="20210105 16:01:41.686"></status>
</kw>
<kw name="Get Length" library="BuiltIn">
<doc>Returns and logs the length of the given item as an integer.</doc>
<arguments>
<arg>${CHECKBOX}</arg>
</arguments>
<assign>
<var>${numero_checkbox}</var>
</assign>
<msg timestamp="20210105 16:01:41.686" level="INFO">Length is 2</msg>
<msg timestamp="20210105 16:01:41.686" level="INFO">${numero_checkbox} = 2</msg>
<status status="PASS" starttime="20210105 16:01:41.686" endtime="20210105 16:01:41.686"></status>
</kw>
<kw name="Run Keyword If" library="BuiltIn">
<doc>Runs the given keyword with the given arguments, if ``condition`` is true.</doc>
<arguments>
<arg>${numero_sucesso} == ${numero_checkbox}</arg>
<arg>log to console</arg>
<arg>"Pagina contem as checkbox informadas"</arg>
<arg>ELSE</arg>
<arg>Fail</arg>
<arg>Pagina não contem as checkbox informadas</arg>
</arguments>
<kw name="Log To Console" library="BuiltIn">
<doc>Logs the given message to the console.</doc>
<arguments>
<arg>"Pagina contem as checkbox informadas"</arg>
</arguments>
<status status="PASS" starttime="20210105 16:01:41.687" endtime="20210105 16:01:41.691"></status>
</kw>
<status status="PASS" starttime="20210105 16:01:41.686" endtime="20210105 16:01:41.691"></status>
</kw>
<status status="PASS" starttime="20210105 16:01:41.686" endtime="20210105 16:01:41.692"></status>
</kw>
<kw name="Fechar navegador" library="Checkbox" type="teardown">
<kw name="Capture Page Screenshot" library="SeleniumLibrary">
<doc>Takes a screenshot of the current page and embeds it into a log file.</doc>
<msg timestamp="20210105 16:01:42.033" level="INFO" html="yes">&lt;/td&gt;&lt;/tr&gt;&lt;tr&gt;&lt;td colspan="3"&gt;&lt;a href="selenium-screenshot-9.png"&gt;&lt;img src="selenium-screenshot-9.png" width="800px"&gt;&lt;/a&gt;</msg>
<status status="PASS" starttime="20210105 16:01:41.693" endtime="20210105 16:01:42.033"></status>
</kw>
<kw name="Close Browser" library="SeleniumLibrary">
<doc>Closes the current browser.</doc>
<status status="PASS" starttime="20210105 16:01:42.034" endtime="20210105 16:01:44.484"></status>
</kw>
<status status="PASS" starttime="20210105 16:01:41.693" endtime="20210105 16:01:44.485"></status>
</kw>
<status status="PASS" starttime="20210105 16:01:35.018" endtime="20210105 16:01:44.485" critical="yes"></status>
</test>
<status status="PASS" starttime="20210105 16:01:34.088" endtime="20210105 16:01:44.491"></status>
</suite>
<status status="PASS" starttime="20210105 16:01:34.025" endtime="20210105 16:01:44.495"></status>
</suite>
<statistics>
<total>
<stat pass="1" fail="0">Critical Tests</stat>
<stat pass="1" fail="0">All Tests</stat>
</total>
<tag>
</tag>
<suite>
<stat pass="1" fail="0" id="s1" name="Test-Case">Test-Case</stat>
<stat pass="1" fail="0" id="s1-s1" name="Validar Checkbox">Test-Case.Validar Checkbox</stat>
</suite>
</statistics>
<errors>
</errors>
</robot>
