<?xml version="1.0" encoding="UTF-8"?>
<robot generator="Robot 3.2.2 (Python 3.7.4 on win32)" generated="20210105 11:55:28.330" rpa="false">
<suite id="s1" name="Validar Checkbox" source="C:\Estudo\Robot\Chekbox\test-case\validar_checkbox.robot">
<test id="s1-t1" name="Cenario 1 - Testes">
<kw name="Abrir navegador" library="Checkbox" type="setup">
<kw name="Open Browser" library="SeleniumLibrary">
<doc>Opens a new browser instance to the optional ``url``.</doc>
<arguments>
<arg>url:</arg>
<arg>${BROWSER}</arg>
</arguments>
<msg timestamp="20210105 11:55:29.208" level="INFO">Opening browser 'chrome' to base url 'url:'.</msg>
<status status="PASS" starttime="20210105 11:55:29.208" endtime="20210105 11:55:33.437"></status>
</kw>
<status status="PASS" starttime="20210105 11:55:29.207" endtime="20210105 11:55:33.438"></status>
</kw>
<kw name="Captura quantidade de checkbox da tela" library="Checkbox">
<arguments>
<arg>Lettuce</arg>
<arg>Tomato</arg>
</arguments>
<kw name="Set Suite Variable" library="BuiltIn">
<doc>Makes a variable available everywhere within the scope of the current suite.</doc>
<arguments>
<arg>@{CHECKBOX}</arg>
<arg>@{CHECKBOX}</arg>
</arguments>
<msg timestamp="20210105 11:55:33.442" level="INFO">@{CHECKBOX} = [ Lettuce | Tomato ]</msg>
<status status="PASS" starttime="20210105 11:55:33.441" endtime="20210105 11:55:33.443"></status>
</kw>
<kw name="Go To" library="SeleniumLibrary">
<doc>Navigates the current browser window to the provided ``url``.</doc>
<arguments>
<arg>${URL_CHECKBOX}</arg>
</arguments>
<msg timestamp="20210105 11:55:33.443" level="INFO">Opening url 'https://www.w3.org/TR/wai-aria-practices-1.1/examples/checkbox/checkbox-1/checkbox-1.html'</msg>
<status status="PASS" starttime="20210105 11:55:33.443" endtime="20210105 11:55:34.888"></status>
</kw>
<kw name="Get Element Count" library="SeleniumLibrary">
<doc>Returns the number of elements matching ``locator``.</doc>
<arguments>
<arg>${ELEMENT_CHECKBOX}</arg>
</arguments>
<assign>
<var>${numero}</var>
</assign>
<msg timestamp="20210105 11:55:34.921" level="INFO">${numero} = 4</msg>
<status status="PASS" starttime="20210105 11:55:34.888" endtime="20210105 11:55:34.921"></status>
</kw>
<kw name="${indice} IN RANGE [ 1 | ${numero}+1 ]" type="for">
<kw name="${indice} = 1" type="foritem">
<kw name="Set Variable" library="BuiltIn">
<doc>Returns the given values which can then be assigned to a variables.</doc>
<arguments>
<arg>${ELEMENT_CHECKBOX} [${indice}]</arg>
</arguments>
<assign>
<var>${ELEMENT_CHECKBOX_FINAL}</var>
</assign>
<msg timestamp="20210105 11:55:34.922" level="INFO">${ELEMENT_CHECKBOX_FINAL} = xpath=(//*[@role="checkbox"]) [1]</msg>
<status status="PASS" starttime="20210105 11:55:34.922" endtime="20210105 11:55:34.923"></status>
</kw>
<kw name="Get WebElement" library="SeleniumLibrary">
<doc>Returns the first WebElement matching the given ``locator``.</doc>
<arguments>
<arg>${ELEMENT_CHECKBOX_FINAL}</arg>
</arguments>
<assign>
<var>${texto}</var>
</assign>
<msg timestamp="20210105 11:55:34.952" level="INFO">${texto} = &lt;selenium.webdriver.remote.webelement.WebElement (session="d5883ee15776555a83008f295561e93a", element="2289cf91-035f-4914-8852-5c02bb4db5df")&gt;</msg>
<status status="PASS" starttime="20210105 11:55:34.923" endtime="20210105 11:55:34.952"></status>
</kw>
<kw name="Set Suite Variable" library="BuiltIn">
<doc>Makes a variable available everywhere within the scope of the current suite.</doc>
<arguments>
<arg>${NOME_CHECKBOX}</arg>
<arg>${texto.text}</arg>
</arguments>
<msg timestamp="20210105 11:55:34.988" level="INFO">${NOME_CHECKBOX} = Lettuce</msg>
<status status="PASS" starttime="20210105 11:55:34.952" endtime="20210105 11:55:34.988"></status>
</kw>
<kw name="Compara nomes das checkbox com valores informados" library="Checkbox">
<kw name="Get Length" library="BuiltIn">
<doc>Returns and logs the length of the given item as an integer.</doc>
<arguments>
<arg>${CHECKBOX}</arg>
</arguments>
<assign>
<var>${numero_checkbox}</var>
</assign>
<msg timestamp="20210105 11:55:34.989" level="INFO">Length is 2</msg>
<msg timestamp="20210105 11:55:34.989" level="INFO">${numero_checkbox} = 2</msg>
<status status="PASS" starttime="20210105 11:55:34.989" endtime="20210105 11:55:34.989"></status>
</kw>
<kw name="${indice_checkbox} IN RANGE [ 0 | ${numero_checkbox} ]" type="for">
<kw name="${indice_checkbox} = 0" type="foritem">
<kw name="Run Keyword If" library="BuiltIn">
<doc>Runs the given keyword with the given arguments, if ``condition`` is true.</doc>
<arguments>
<arg>'${CHECKBOX}[${indice_checkbox}]'=='${NOME_CHECKBOX}'</arg>
<arg>Append To List</arg>
<arg>${CHECKBOX_ENCONTRADO}</arg>
<arg>${NOME_CHECKBOX}</arg>
</arguments>
<kw name="Append To List" library="Collections">
<doc>Adds ``values`` to the end of ``list``.</doc>
<arguments>
<arg>${CHECKBOX_ENCONTRADO}</arg>
<arg>${NOME_CHECKBOX}</arg>
</arguments>
<status status="PASS" starttime="20210105 11:55:34.990" endtime="20210105 11:55:34.991"></status>
</kw>
<status status="PASS" starttime="20210105 11:55:34.990" endtime="20210105 11:55:34.991"></status>
</kw>
<status status="PASS" starttime="20210105 11:55:34.990" endtime="20210105 11:55:34.991"></status>
</kw>
<kw name="${indice_checkbox} = 1" type="foritem">
<kw name="Run Keyword If" library="BuiltIn">
<doc>Runs the given keyword with the given arguments, if ``condition`` is true.</doc>
<arguments>
<arg>'${CHECKBOX}[${indice_checkbox}]'=='${NOME_CHECKBOX}'</arg>
<arg>Append To List</arg>
<arg>${CHECKBOX_ENCONTRADO}</arg>
<arg>${NOME_CHECKBOX}</arg>
</arguments>
<status status="PASS" starttime="20210105 11:55:34.992" endtime="20210105 11:55:34.992"></status>
</kw>
<status status="PASS" starttime="20210105 11:55:34.991" endtime="20210105 11:55:34.992"></status>
</kw>
<status status="PASS" starttime="20210105 11:55:34.989" endtime="20210105 11:55:34.992"></status>
</kw>
<status status="PASS" starttime="20210105 11:55:34.988" endtime="20210105 11:55:34.992"></status>
</kw>
<status status="PASS" starttime="20210105 11:55:34.921" endtime="20210105 11:55:34.993"></status>
</kw>
<kw name="${indice} = 2" type="foritem">
<kw name="Set Variable" library="BuiltIn">
<doc>Returns the given values which can then be assigned to a variables.</doc>
<arguments>
<arg>${ELEMENT_CHECKBOX} [${indice}]</arg>
</arguments>
<assign>
<var>${ELEMENT_CHECKBOX_FINAL}</var>
</assign>
<msg timestamp="20210105 11:55:34.993" level="INFO">${ELEMENT_CHECKBOX_FINAL} = xpath=(//*[@role="checkbox"]) [2]</msg>
<status status="PASS" starttime="20210105 11:55:34.993" endtime="20210105 11:55:34.993"></status>
</kw>
<kw name="Get WebElement" library="SeleniumLibrary">
<doc>Returns the first WebElement matching the given ``locator``.</doc>
<arguments>
<arg>${ELEMENT_CHECKBOX_FINAL}</arg>
</arguments>
<assign>
<var>${texto}</var>
</assign>
<msg timestamp="20210105 11:55:35.021" level="INFO">${texto} = &lt;selenium.webdriver.remote.webelement.WebElement (session="d5883ee15776555a83008f295561e93a", element="b60d3dc6-81ff-4374-ab08-3faa18570a96")&gt;</msg>
<status status="PASS" starttime="20210105 11:55:34.993" endtime="20210105 11:55:35.021"></status>
</kw>
<kw name="Set Suite Variable" library="BuiltIn">
<doc>Makes a variable available everywhere within the scope of the current suite.</doc>
<arguments>
<arg>${NOME_CHECKBOX}</arg>
<arg>${texto.text}</arg>
</arguments>
<msg timestamp="20210105 11:55:35.059" level="INFO">${NOME_CHECKBOX} = Tomato</msg>
<status status="PASS" starttime="20210105 11:55:35.022" endtime="20210105 11:55:35.059"></status>
</kw>
<kw name="Compara nomes das checkbox com valores informados" library="Checkbox">
<kw name="Get Length" library="BuiltIn">
<doc>Returns and logs the length of the given item as an integer.</doc>
<arguments>
<arg>${CHECKBOX}</arg>
</arguments>
<assign>
<var>${numero_checkbox}</var>
</assign>
<msg timestamp="20210105 11:55:35.061" level="INFO">Length is 2</msg>
<msg timestamp="20210105 11:55:35.061" level="INFO">${numero_checkbox} = 2</msg>
<status status="PASS" starttime="20210105 11:55:35.060" endtime="20210105 11:55:35.061"></status>
</kw>
<kw name="${indice_checkbox} IN RANGE [ 0 | ${numero_checkbox} ]" type="for">
<kw name="${indice_checkbox} = 0" type="foritem">
<kw name="Run Keyword If" library="BuiltIn">
<doc>Runs the given keyword with the given arguments, if ``condition`` is true.</doc>
<arguments>
<arg>'${CHECKBOX}[${indice_checkbox}]'=='${NOME_CHECKBOX}'</arg>
<arg>Append To List</arg>
<arg>${CHECKBOX_ENCONTRADO}</arg>
<arg>${NOME_CHECKBOX}</arg>
</arguments>
<status status="PASS" starttime="20210105 11:55:35.062" endtime="20210105 11:55:35.063"></status>
</kw>
<status status="PASS" starttime="20210105 11:55:35.062" endtime="20210105 11:55:35.063"></status>
</kw>
<kw name="${indice_checkbox} = 1" type="foritem">
<kw name="Run Keyword If" library="BuiltIn">
<doc>Runs the given keyword with the given arguments, if ``condition`` is true.</doc>
<arguments>
<arg>'${CHECKBOX}[${indice_checkbox}]'=='${NOME_CHECKBOX}'</arg>
<arg>Append To List</arg>
<arg>${CHECKBOX_ENCONTRADO}</arg>
<arg>${NOME_CHECKBOX}</arg>
</arguments>
<kw name="Append To List" library="Collections">
<doc>Adds ``values`` to the end of ``list``.</doc>
<arguments>
<arg>${CHECKBOX_ENCONTRADO}</arg>
<arg>${NOME_CHECKBOX}</arg>
</arguments>
<status status="PASS" starttime="20210105 11:55:35.065" endtime="20210105 11:55:35.065"></status>
</kw>
<status status="PASS" starttime="20210105 11:55:35.064" endtime="20210105 11:55:35.065"></status>
</kw>
<status status="PASS" starttime="20210105 11:55:35.063" endtime="20210105 11:55:35.065"></status>
</kw>
<status status="PASS" starttime="20210105 11:55:35.062" endtime="20210105 11:55:35.066"></status>
</kw>
<status status="PASS" starttime="20210105 11:55:35.060" endtime="20210105 11:55:35.066"></status>
</kw>
<status status="PASS" starttime="20210105 11:55:34.993" endtime="20210105 11:55:35.066"></status>
</kw>
<kw name="${indice} = 3" type="foritem">
<kw name="Set Variable" library="BuiltIn">
<doc>Returns the given values which can then be assigned to a variables.</doc>
<arguments>
<arg>${ELEMENT_CHECKBOX} [${indice}]</arg>
</arguments>
<assign>
<var>${ELEMENT_CHECKBOX_FINAL}</var>
</assign>
<msg timestamp="20210105 11:55:35.067" level="INFO">${ELEMENT_CHECKBOX_FINAL} = xpath=(//*[@role="checkbox"]) [3]</msg>
<status status="PASS" starttime="20210105 11:55:35.066" endtime="20210105 11:55:35.067"></status>
</kw>
<kw name="Get WebElement" library="SeleniumLibrary">
<doc>Returns the first WebElement matching the given ``locator``.</doc>
<arguments>
<arg>${ELEMENT_CHECKBOX_FINAL}</arg>
</arguments>
<assign>
<var>${texto}</var>
</assign>
<msg timestamp="20210105 11:55:35.095" level="INFO">${texto} = &lt;selenium.webdriver.remote.webelement.WebElement (session="d5883ee15776555a83008f295561e93a", element="748f1633-2ea2-46ce-9ed9-07b2ea611e98")&gt;</msg>
<status status="PASS" starttime="20210105 11:55:35.067" endtime="20210105 11:55:35.095"></status>
</kw>
<kw name="Set Suite Variable" library="BuiltIn">
<doc>Makes a variable available everywhere within the scope of the current suite.</doc>
<arguments>
<arg>${NOME_CHECKBOX}</arg>
<arg>${texto.text}</arg>
</arguments>
<msg timestamp="20210105 11:55:35.122" level="INFO">${NOME_CHECKBOX} = Mustard</msg>
<status status="PASS" starttime="20210105 11:55:35.095" endtime="20210105 11:55:35.122"></status>
</kw>
<kw name="Compara nomes das checkbox com valores informados" library="Checkbox">
<kw name="Get Length" library="BuiltIn">
<doc>Returns and logs the length of the given item as an integer.</doc>
<arguments>
<arg>${CHECKBOX}</arg>
</arguments>
<assign>
<var>${numero_checkbox}</var>
</assign>
<msg timestamp="20210105 11:55:35.123" level="INFO">Length is 2</msg>
<msg timestamp="20210105 11:55:35.124" level="INFO">${numero_checkbox} = 2</msg>
<status status="PASS" starttime="20210105 11:55:35.123" endtime="20210105 11:55:35.124"></status>
</kw>
<kw name="${indice_checkbox} IN RANGE [ 0 | ${numero_checkbox} ]" type="for">
<kw name="${indice_checkbox} = 0" type="foritem">
<kw name="Run Keyword If" library="BuiltIn">
<doc>Runs the given keyword with the given arguments, if ``condition`` is true.</doc>
<arguments>
<arg>'${CHECKBOX}[${indice_checkbox}]'=='${NOME_CHECKBOX}'</arg>
<arg>Append To List</arg>
<arg>${CHECKBOX_ENCONTRADO}</arg>
<arg>${NOME_CHECKBOX}</arg>
</arguments>
<status status="PASS" starttime="20210105 11:55:35.125" endtime="20210105 11:55:35.125"></status>
</kw>
<status status="PASS" starttime="20210105 11:55:35.124" endtime="20210105 11:55:35.125"></status>
</kw>
<kw name="${indice_checkbox} = 1" type="foritem">
<kw name="Run Keyword If" library="BuiltIn">
<doc>Runs the given keyword with the given arguments, if ``condition`` is true.</doc>
<arguments>
<arg>'${CHECKBOX}[${indice_checkbox}]'=='${NOME_CHECKBOX}'</arg>
<arg>Append To List</arg>
<arg>${CHECKBOX_ENCONTRADO}</arg>
<arg>${NOME_CHECKBOX}</arg>
</arguments>
<status status="PASS" starttime="20210105 11:55:35.126" endtime="20210105 11:55:35.127"></status>
</kw>
<status status="PASS" starttime="20210105 11:55:35.126" endtime="20210105 11:55:35.127"></status>
</kw>
<status status="PASS" starttime="20210105 11:55:35.124" endtime="20210105 11:55:35.127"></status>
</kw>
<status status="PASS" starttime="20210105 11:55:35.122" endtime="20210105 11:55:35.127"></status>
</kw>
<status status="PASS" starttime="20210105 11:55:35.066" endtime="20210105 11:55:35.128"></status>
</kw>
<kw name="${indice} = 4" type="foritem">
<kw name="Set Variable" library="BuiltIn">
<doc>Returns the given values which can then be assigned to a variables.</doc>
<arguments>
<arg>${ELEMENT_CHECKBOX} [${indice}]</arg>
</arguments>
<assign>
<var>${ELEMENT_CHECKBOX_FINAL}</var>
</assign>
<msg timestamp="20210105 11:55:35.129" level="INFO">${ELEMENT_CHECKBOX_FINAL} = xpath=(//*[@role="checkbox"]) [4]</msg>
<status status="PASS" starttime="20210105 11:55:35.128" endtime="20210105 11:55:35.129"></status>
</kw>
<kw name="Get WebElement" library="SeleniumLibrary">
<doc>Returns the first WebElement matching the given ``locator``.</doc>
<arguments>
<arg>${ELEMENT_CHECKBOX_FINAL}</arg>
</arguments>
<assign>
<var>${texto}</var>
</assign>
<msg timestamp="20210105 11:55:35.156" level="INFO">${texto} = &lt;selenium.webdriver.remote.webelement.WebElement (session="d5883ee15776555a83008f295561e93a", element="853c4666-02af-4f6c-84d3-3423e71ac92b")&gt;</msg>
<status status="PASS" starttime="20210105 11:55:35.129" endtime="20210105 11:55:35.156"></status>
</kw>
<kw name="Set Suite Variable" library="BuiltIn">
<doc>Makes a variable available everywhere within the scope of the current suite.</doc>
<arguments>
<arg>${NOME_CHECKBOX}</arg>
<arg>${texto.text}</arg>
</arguments>
<msg timestamp="20210105 11:55:35.181" level="INFO">${NOME_CHECKBOX} = Sprouts</msg>
<status status="PASS" starttime="20210105 11:55:35.156" endtime="20210105 11:55:35.181"></status>
</kw>
<kw name="Compara nomes das checkbox com valores informados" library="Checkbox">
<kw name="Get Length" library="BuiltIn">
<doc>Returns and logs the length of the given item as an integer.</doc>
<arguments>
<arg>${CHECKBOX}</arg>
</arguments>
<assign>
<var>${numero_checkbox}</var>
</assign>
<msg timestamp="20210105 11:55:35.182" level="INFO">Length is 2</msg>
<msg timestamp="20210105 11:55:35.182" level="INFO">${numero_checkbox} = 2</msg>
<status status="PASS" starttime="20210105 11:55:35.182" endtime="20210105 11:55:35.183"></status>
</kw>
<kw name="${indice_checkbox} IN RANGE [ 0 | ${numero_checkbox} ]" type="for">
<kw name="${indice_checkbox} = 0" type="foritem">
<kw name="Run Keyword If" library="BuiltIn">
<doc>Runs the given keyword with the given arguments, if ``condition`` is true.</doc>
<arguments>
<arg>'${CHECKBOX}[${indice_checkbox}]'=='${NOME_CHECKBOX}'</arg>
<arg>Append To List</arg>
<arg>${CHECKBOX_ENCONTRADO}</arg>
<arg>${NOME_CHECKBOX}</arg>
</arguments>
<status status="PASS" starttime="20210105 11:55:35.183" endtime="20210105 11:55:35.184"></status>
</kw>
<status status="PASS" starttime="20210105 11:55:35.183" endtime="20210105 11:55:35.184"></status>
</kw>
<kw name="${indice_checkbox} = 1" type="foritem">
<kw name="Run Keyword If" library="BuiltIn">
<doc>Runs the given keyword with the given arguments, if ``condition`` is true.</doc>
<arguments>
<arg>'${CHECKBOX}[${indice_checkbox}]'=='${NOME_CHECKBOX}'</arg>
<arg>Append To List</arg>
<arg>${CHECKBOX_ENCONTRADO}</arg>
<arg>${NOME_CHECKBOX}</arg>
</arguments>
<status status="PASS" starttime="20210105 11:55:35.185" endtime="20210105 11:55:35.185"></status>
</kw>
<status status="PASS" starttime="20210105 11:55:35.184" endtime="20210105 11:55:35.185"></status>
</kw>
<status status="PASS" starttime="20210105 11:55:35.183" endtime="20210105 11:55:35.185"></status>
</kw>
<status status="PASS" starttime="20210105 11:55:35.181" endtime="20210105 11:55:35.185"></status>
</kw>
<status status="PASS" starttime="20210105 11:55:35.128" endtime="20210105 11:55:35.185"></status>
</kw>
<status status="PASS" starttime="20210105 11:55:34.921" endtime="20210105 11:55:35.185"></status>
</kw>
<status status="PASS" starttime="20210105 11:55:33.440" endtime="20210105 11:55:35.186"></status>
</kw>
<kw name="Valida se houve sucesso na comparação" library="Checkbox">
<kw name="Get Length" library="BuiltIn">
<doc>Returns and logs the length of the given item as an integer.</doc>
<arguments>
<arg>${CHECKBOX_ENCONTRADO}</arg>
</arguments>
<assign>
<var>${numero_sucesso}</var>
</assign>
<msg timestamp="20210105 11:55:35.187" level="INFO">Length is 2</msg>
<msg timestamp="20210105 11:55:35.187" level="INFO">${numero_sucesso} = 2</msg>
<status status="PASS" starttime="20210105 11:55:35.187" endtime="20210105 11:55:35.187"></status>
</kw>
<kw name="Get Length" library="BuiltIn">
<doc>Returns and logs the length of the given item as an integer.</doc>
<arguments>
<arg>${CHECKBOX}</arg>
</arguments>
<assign>
<var>${numero_checkbox}</var>
</assign>
<msg timestamp="20210105 11:55:35.188" level="INFO">Length is 2</msg>
<msg timestamp="20210105 11:55:35.188" level="INFO">${numero_checkbox} = 2</msg>
<status status="PASS" starttime="20210105 11:55:35.188" endtime="20210105 11:55:35.189"></status>
</kw>
<kw name="Run Keyword If" library="BuiltIn">
<doc>Runs the given keyword with the given arguments, if ``condition`` is true.</doc>
<arguments>
<arg>${numero_sucesso} == ${numero_checkbox}</arg>
<arg>log to console</arg>
<arg>"SUCESSO Pagina contem as checkbox informadas"</arg>
<arg>ELSE</arg>
<arg>Fail</arg>
<arg>FALHA Pagina não contem as checkbox informadas</arg>
</arguments>
<kw name="Log To Console" library="BuiltIn">
<doc>Logs the given message to the console.</doc>
<arguments>
<arg>"SUCESSO Pagina contem as checkbox informadas"</arg>
</arguments>
<status status="PASS" starttime="20210105 11:55:35.189" endtime="20210105 11:55:35.192"></status>
</kw>
<status status="PASS" starttime="20210105 11:55:35.189" endtime="20210105 11:55:35.192"></status>
</kw>
<status status="PASS" starttime="20210105 11:55:35.186" endtime="20210105 11:55:35.193"></status>
</kw>
<kw name="Fechar navegador" library="Checkbox" type="teardown">
<kw name="Capture Page Screenshot" library="SeleniumLibrary">
<doc>Takes a screenshot of the current page and embeds it into a log file.</doc>
<msg timestamp="20210105 11:55:35.559" level="INFO" html="yes">&lt;/td&gt;&lt;/tr&gt;&lt;tr&gt;&lt;td colspan="3"&gt;&lt;a href="selenium-screenshot-7.png"&gt;&lt;img src="selenium-screenshot-7.png" width="800px"&gt;&lt;/a&gt;</msg>
<status status="PASS" starttime="20210105 11:55:35.195" endtime="20210105 11:55:35.559"></status>
</kw>
<kw name="Close Browser" library="SeleniumLibrary">
<doc>Closes the current browser.</doc>
<status status="PASS" starttime="20210105 11:55:35.560" endtime="20210105 11:55:38.214"></status>
</kw>
<status status="PASS" starttime="20210105 11:55:35.194" endtime="20210105 11:55:38.214"></status>
</kw>
<status status="PASS" starttime="20210105 11:55:29.206" endtime="20210105 11:55:38.215" critical="yes"></status>
</test>
<status status="PASS" starttime="20210105 11:55:28.338" endtime="20210105 11:55:38.221"></status>
</suite>
<statistics>
<total>
<stat pass="1" fail="0">Critical Tests</stat>
<stat pass="1" fail="0">All Tests</stat>
</total>
<tag>
</tag>
<suite>
<stat pass="1" fail="0" id="s1" name="Validar Checkbox">Validar Checkbox</stat>
</suite>
</statistics>
<errors>
</errors>
</robot>
